<?xml version="1.0" encoding="UTF-8"?>
<!-- Generated by org.testng.reporters.JUnitReportReporter -->
<testsuite hostname="CPU1906" name="seleniumWebdriver.RobotExample" tests="1" failures="0" timestamp="26 Apr 2019 09:29:47 GMT" time="21.345" errors="0">
  <testcase name="open" time="21.345" classname="seleniumWebdriver.RobotExample"/>
</testsuite> <!-- seleniumWebdriver.RobotExample -->
