<?xml version="1.0" encoding="UTF-8"?>
<!-- Generated by org.testng.reporters.JUnitReportReporter -->
<testsuite hostname="CPU1906" name="apachepoi.Poi1" tests="13" failures="0" timestamp="26 Apr 2019 05:32:36 GMT" time="0.025" errors="0">
  <testcase name="testusers" time="0.001" classname="apachepoi.Poi1"/>
  <testcase name="testusers" time="0.001" classname="apachepoi.Poi1"/>
  <testcase name="testusers" time="0.001" classname="apachepoi.Poi1"/>
  <testcase name="testusers" time="0.001" classname="apachepoi.Poi1"/>
  <testcase name="testusers" time="0.001" classname="apachepoi.Poi1"/>
  <testcase name="testusers" time="0.001" classname="apachepoi.Poi1"/>
  <testcase name="testusers" time="0.001" classname="apachepoi.Poi1"/>
  <testcase name="testusers" time="0.001" classname="apachepoi.Poi1"/>
  <testcase name="testusers" time="0.013" classname="apachepoi.Poi1"/>
  <testcase name="testusers" time="0.001" classname="apachepoi.Poi1"/>
  <testcase name="testusers" time="0.001" classname="apachepoi.Poi1"/>
  <testcase name="testusers" time="0.001" classname="apachepoi.Poi1"/>
  <testcase name="testusers" time="0.001" classname="apachepoi.Poi1"/>
</testsuite> <!-- apachepoi.Poi1 -->
